[2025-11-23 11:40:44,582] root - INFO - ====================Data Ingestion log started.==================== 
[2025-11-23 11:40:44,582] root - INFO - Data Ingestion Config: DatasetConfig(dataset_download_url='https://github.com/entbappy/Branching-tutorial/raw/master/books_data.zip', raw_data_dir='artifacts\\dataset\\raw_data', ingested_dir='artifacts\\dataset\\ingested_data')
[2025-11-23 11:40:44,583] root - INFO - Data Validation Config: DataValidationConfig(clean_data_dir='artifacts\\dataset\\clean_data', books_csv_file='artifacts\\dataset\\ingested_data\\BX-Books.csv', ratings_csv_file='artifacts\\dataset\\ingested_data\\BX-Book-Ratings.csv', serialized_objects_dir='artifacts\\serialized_objects')
[2025-11-23 11:40:44,583] root - INFO - Data Transformation Config: DataTransformationConfig(clean_data_file_path='artifacts\\dataset\\clean_data\\clean_data.csv', transformed_data_dir='artifacts\\dataset\\transformed_data')
[2025-11-23 11:40:44,583] root - INFO - Data Validation Config: DataValidationConfig(clean_data_dir='artifacts\\dataset\\clean_data', books_csv_file='artifacts\\dataset\\ingested_data\\BX-Books.csv', ratings_csv_file='artifacts\\dataset\\ingested_data\\BX-Book-Ratings.csv', serialized_objects_dir='artifacts\\serialized_objects')
[2025-11-23 11:40:44,583] root - INFO - Model Trainer Config: ModelTrainerConfig(transformed_data_file_dir='artifacts\\dataset\\transformed_data\\transformed_data.pkl', trained_model_dir='artifacts\\trained_model', trained_model_name='model.pkl')
[2025-11-23 11:40:44,583] root - INFO - Downloading data from https://github.com/entbappy/Branching-tutorial/raw/master/books_data.zip into file artifacts\dataset\raw_data\books_data.zip
[2025-11-23 11:41:05,501] root - INFO - Downloaded data from https://github.com/entbappy/Branching-tutorial/raw/master/books_data.zip into file artifacts\dataset\raw_data\books_data.zip
[2025-11-23 11:41:05,896] root - INFO - Extracting zip file: artifacts\dataset\raw_data\books_data.zip into dir: artifacts\dataset\ingested_data
[2025-11-23 11:41:05,896] root - INFO - ====================Data Ingestion log completed.==================== 


[2025-11-23 11:41:05,896] root - INFO - ====================Data Validation log started.==================== 
[2025-11-23 11:41:09,729] root - INFO -  Shape of ratings data file: (1149766, 3)
[2025-11-23 11:41:09,729] root - INFO -  Shape of books data file: (270491, 8)
[2025-11-23 11:41:10,654] root - INFO -  Shape of the final clean dataset: (59608, 9)
[2025-11-23 11:41:10,812] root - INFO - Saved cleaned data to artifacts\dataset\clean_data
[2025-11-23 11:41:10,825] root - INFO - Saved final_rating serialization object to artifacts\serialized_objects
[2025-11-23 11:41:10,918] root - INFO - ====================Data Validation log completed.==================== 


[2025-11-23 11:41:10,918] root - INFO - ====================Data Transformation log started.==================== 
[2025-11-23 11:41:11,056] root - INFO -  Shape of book pivot table: (739, 888)
[2025-11-23 11:41:11,066] root - INFO - Saved pivot table data to artifacts\dataset\transformed_data
[2025-11-23 11:41:11,067] root - INFO - Saved book_names serialization object to artifacts\serialized_objects
[2025-11-23 11:41:11,071] root - INFO - Saved book_pivot serialization object to artifacts\serialized_objects
[2025-11-23 11:41:11,072] root - INFO - ====================Data Transformation log completed.==================== 


[2025-11-23 11:41:11,072] root - INFO - ====================Model Trainer log started.==================== 
[2025-11-23 11:41:11,103] root - INFO - Saving final model to artifacts\trained_model\model.pkl
[2025-11-23 11:41:11,103] root - INFO - ====================Model Trainer log completed.==================== 


